<?xml version="1.0" encoding="utf-8"?>
<TestRun id="579b5fed-4372-4be4-98df-cbe358f99d8d" name="user@DESKTOP-M9DP5DD 2025-10-27 01:17:18" runUser="DESKTOP-M9DP5DD\user" xmlns="http://microsoft.com/schemas/VisualStudio/TeamTest/2010">
  <Times creation="2025-10-27T01:17:18.8937778+06:00" queuing="2025-10-27T01:17:18.8937781+06:00" start="2025-10-27T01:17:17.0326134+06:00" finish="2025-10-27T01:17:18.8980278+06:00" />
  <TestSettings name="default" id="7cef4b90-59ff-409d-88d2-7622472473ca">
    <Deployment runDeploymentRoot="user_DESKTOP-M9DP5DD_2025-10-27_01_17_18" />
  </TestSettings>
  <Results>
    <UnitTestResult executionId="ed328ab0-e8ed-4249-90c5-8011cd90a7c6" testId="1a7d8b56-1541-4812-03c2-1a6388d888ae" testName="BookingTests.CanBookAvailableSeat" computerName="DESKTOP-M9DP5DD" duration="00:00:00.0356360" startTime="2025-10-27T01:17:18.7763048+06:00" endTime="2025-10-27T01:17:18.7763050+06:00" testType="13cdc9d9-ddb5-4fa4-a97d-d965ccfc6d4b" outcome="Passed" testListId="8c84fa94-04c1-424b-9868-57a2d4851a1d" relativeResultsDirectory="ed328ab0-e8ed-4249-90c5-8011cd90a7c6" />
    <UnitTestResult executionId="5783936c-39bd-47fd-9c3d-49b8f9c43fab" testId="d4833d70-3172-3830-509f-1962168890af" testName="Tests.UnitTest1.Test1" computerName="DESKTOP-M9DP5DD" duration="00:00:00.0021823" startTime="2025-10-27T01:17:17.5923086+06:00" endTime="2025-10-27T01:17:17.5923301+06:00" testType="13cdc9d9-ddb5-4fa4-a97d-d965ccfc6d4b" outcome="Passed" testListId="8c84fa94-04c1-424b-9868-57a2d4851a1d" relativeResultsDirectory="5783936c-39bd-47fd-9c3d-49b8f9c43fab" />
    <UnitTestResult executionId="08056986-6b5a-48d4-9406-67cd59cb4769" testId="3af3e030-0560-7370-8afd-eba70d7b6e60" testName="BookingTests.CannotBookAlreadyBookedSeat" computerName="DESKTOP-M9DP5DD" duration="00:00:01.1532061" startTime="2025-10-27T01:17:18.7405298+06:00" endTime="2025-10-27T01:17:18.7405302+06:00" testType="13cdc9d9-ddb5-4fa4-a97d-d965ccfc6d4b" outcome="Passed" testListId="8c84fa94-04c1-424b-9868-57a2d4851a1d" relativeResultsDirectory="08056986-6b5a-48d4-9406-67cd59cb4769" />
  </Results>
  <TestDefinitions>
    <UnitTest name="BookingTests.CanBookAvailableSeat" storage="g:\busticketreservationsystem\src\tests\bin\debug\net9.0\tests.dll" id="1a7d8b56-1541-4812-03c2-1a6388d888ae">
      <Execution id="ed328ab0-e8ed-4249-90c5-8011cd90a7c6" />
      <TestMethod codeBase="G:\BusTicketReservationSystem\src\Tests\bin\Debug\net9.0\Tests.dll" adapterTypeName="executor://xunit/VsTestRunner2/netcoreapp" className="BookingTests" name="CanBookAvailableSeat" />
    </UnitTest>
    <UnitTest name="BookingTests.CannotBookAlreadyBookedSeat" storage="g:\busticketreservationsystem\src\tests\bin\debug\net9.0\tests.dll" id="3af3e030-0560-7370-8afd-eba70d7b6e60">
      <Execution id="08056986-6b5a-48d4-9406-67cd59cb4769" />
      <TestMethod codeBase="G:\BusTicketReservationSystem\src\Tests\bin\Debug\net9.0\Tests.dll" adapterTypeName="executor://xunit/VsTestRunner2/netcoreapp" className="BookingTests" name="CannotBookAlreadyBookedSeat" />
    </UnitTest>
    <UnitTest name="Tests.UnitTest1.Test1" storage="g:\busticketreservationsystem\src\tests\bin\debug\net9.0\tests.dll" id="d4833d70-3172-3830-509f-1962168890af">
      <Execution id="5783936c-39bd-47fd-9c3d-49b8f9c43fab" />
      <TestMethod codeBase="G:\BusTicketReservationSystem\src\Tests\bin\Debug\net9.0\Tests.dll" adapterTypeName="executor://xunit/VsTestRunner2/netcoreapp" className="Tests.UnitTest1" name="Test1" />
    </UnitTest>
  </TestDefinitions>
  <TestEntries>
    <TestEntry testId="1a7d8b56-1541-4812-03c2-1a6388d888ae" executionId="ed328ab0-e8ed-4249-90c5-8011cd90a7c6" testListId="8c84fa94-04c1-424b-9868-57a2d4851a1d" />
    <TestEntry testId="d4833d70-3172-3830-509f-1962168890af" executionId="5783936c-39bd-47fd-9c3d-49b8f9c43fab" testListId="8c84fa94-04c1-424b-9868-57a2d4851a1d" />
    <TestEntry testId="3af3e030-0560-7370-8afd-eba70d7b6e60" executionId="08056986-6b5a-48d4-9406-67cd59cb4769" testListId="8c84fa94-04c1-424b-9868-57a2d4851a1d" />
  </TestEntries>
  <TestLists>
    <TestList name="Results Not in a List" id="8c84fa94-04c1-424b-9868-57a2d4851a1d" />
    <TestList name="All Loaded Results" id="19431567-8539-422a-85d7-44ee4e166bda" />
  </TestLists>
  <ResultSummary outcome="Completed">
    <Counters total="3" executed="3" passed="3" failed="0" error="0" timeout="0" aborted="0" inconclusive="0" passedButRunAborted="0" notRunnable="0" notExecuted="0" disconnected="0" warning="0" completed="0" inProgress="0" pending="0" />
    <Output>
      <StdOut>[xUnit.net 00:00:00.00] xUnit.net VSTest Adapter v2.8.2+699d445a1a (64-bit .NET 9.0.10)&#xD;
[xUnit.net 00:00:00.06]   Discovering: Tests&#xD;
[xUnit.net 00:00:00.09]   Discovered:  Tests&#xD;
[xUnit.net 00:00:00.10]   Starting:    Tests&#xD;
[xUnit.net 00:00:01.33]   Finished:    Tests&#xD;
</StdOut>
    </Output>
  </ResultSummary>
</TestRun>